#
# There is insufficient memory for the Java Runtime Environment to continue.
# Native memory allocation (malloc) failed to allocate 32744 bytes for ChunkPool::allocate
# Possible reasons:
#   The system is out of physical RAM or swap space
#   In 32 bit mode, the process size limit was hit
# Possible solutions:
#   Reduce memory load on the system
#   Increase physical memory or swap space
#   Check if swap backing store is full
#   Use 64 bit Java on a 64 bit OS
#   Decrease Java heap size (-Xmx/-Xms)
#   Decrease number of Java threads
#   Decrease Java thread stack sizes (-Xss)
#   Set larger code cache with -XX:ReservedCodeCacheSize=
# This output file may be truncated or incomplete.
#
#  Out of Memory Error (allocation.cpp:273), pid=11000, tid=0x0000000000002414
#
# JRE version: OpenJDK Runtime Environment (8.0_152-b02) (build 1.8.0_152-release-1024-b02)
# Java VM: OpenJDK 64-Bit Server VM (25.152-b02 mixed mode windows-amd64 compressed oops)
# Failed to write core dump. Minidumps are not enabled by default on client versions of Windows
#

---------------  T H R E A D  ---------------

Current thread (0x00000000132cb800):  JavaThread "C2 CompilerThread0" daemon [_thread_in_native, id=9236, stack(0x0000000014c40000,0x0000000014d40000)]

Stack: [0x0000000014c40000,0x0000000014d40000]
[error occurred during error reporting (printing stack bounds), id 0xc0000005]

Native frames: (J=compiled Java code, j=interpreted, Vv=VM code, C=native code)


Current CompileTask:
C2:   2043  893       4       org.objectweb.asm.ClassReader::readCode (3575 bytes)


---------------  P R O C E S S  ---------------

Java Threads: ( => current thread )
  0x00000000146c3000 JavaThread "Service Thread" daemon [_thread_blocked, id=10828, stack(0x0000000014f40000,0x0000000015040000)]
  0x000000001464b800 JavaThread "C1 CompilerThread2" daemon [_thread_blocked, id=6356, stack(0x0000000014e40000,0x0000000014f40000)]
  0x00000000132ce800 JavaThread "C2 CompilerThread1" daemon [_thread_blocked, id=996, stack(0x0000000014d40000,0x0000000014e40000)]
=>0x00000000132cb800 JavaThread "C2 CompilerThread0" daemon [_thread_in_native, id=9236, stack(0x0000000014c40000,0x0000000014d40000)]
  0x000000001327e000 JavaThread "Attach Listener" daemon [_thread_blocked, id=8172, stack(0x0000000014b40000,0x0000000014c40000)]
  0x0000000014648800 JavaThread "Signal Dispatcher" daemon [_thread_blocked, id=10624, stack(0x0000000014a40000,0x0000000014b40000)]
  0x0000000013257000 JavaThread "Finalizer" daemon [_thread_blocked, id=8708, stack(0x00000000144e0000,0x00000000145e0000)]
  0x0000000002e74000 JavaThread "Reference Handler" daemon [_thread_blocked, id=4332, stack(0x00000000143e0000,0x00000000144e0000)]
  0x0000000002d83800 JavaThread "main" [_thread_in_vm, id=6136, stack(0x0000000002970000,0x0000000002a70000)]

Other Threads:
  0x0000000013235800 VMThread [stack: 0x00000000142e0000,0x00000000143e0000] [id=9368]
  0x00000000146d5800 WatcherThread [stack: 0x0000000015040000,0x0000000015140000] [id=9252]

VM state:not at safepoint (normal execution)

VM Mutex/Monitor currently owned by a thread: None

Heap:
 PSYoungGen      total 18944K, used 8313K [0x00000000feb00000, 0x0000000100000000, 0x0000000100000000)
  eden space 16384K, 35% used [0x00000000feb00000,0x00000000ff0a1e38,0x00000000ffb00000)
  from space 2560K, 99% used [0x00000000ffd80000,0x00000000ffffc840,0x0000000100000000)
  to   space 2560K, 0% used [0x00000000ffb00000,0x00000000ffb00000,0x00000000ffd80000)
 ParOldGen       total 44032K, used 5664K [0x00000000fc000000, 0x00000000feb00000, 0x00000000feb00000)
  object space 44032K, 12% used [0x00000000fc000000,0x00000000fc5881d8,0x00000000feb00000)
 Metaspace       used 8213K, capacity 8542K, committed 8832K, reserved 1056768K
  class space    used 949K, capacity 1067K, committed 1152K, reserved 1048576K

Card table byte_map: [0x0000000012250000,0x0000000012280000] byte_map_base: 0x0000000011a70000

Marking Bits: (ParMarkBitMap*) 0x0000000073254970
 Begin Bits: [0x00000000126a0000, 0x00000000127a0000)
 End Bits:   [0x00000000127a0000, 0x00000000128a0000)

Polling page: 0x0000000002a70000

CodeCache: size=245760Kb used=3488Kb max_used=3499Kb free=242271Kb
 bounds [0x0000000002e90000, 0x0000000003200000, 0x0000000011e90000]
 total_blobs=1239 nmethods=910 adapters=243
 compilation: enabled

Compilation events (10 events):
Event: 1.984 Thread 0x000000001464b800 nmethod 908 0x00000000031f3490 code [0x00000000031f36a0, 0x00000000031f4018]
Event: 1.984 Thread 0x000000001464b800  910       3       org.objectweb.asm.FieldWriter::getSize (262 bytes)
Event: 1.984 Thread 0x00000000132ce800 nmethod 902 0x00000000031f7410 code [0x00000000031f7580, 0x00000000031f7a18]
Event: 1.984 Thread 0x00000000132ce800  904       4       org.objectweb.asm.Label::resolve (214 bytes)
Event: 1.985 Thread 0x000000001464b800 nmethod 910 0x00000000031f5ad0 code [0x00000000031f5d60, 0x00000000031f6c68]
Event: 1.985 Thread 0x000000001464b800  911       3       org.objectweb.asm.FieldWriter::put (475 bytes)
Event: 1.986 Thread 0x000000001464b800 nmethod 911 0x00000000031f7f50 code [0x00000000031f8300, 0x00000000031f9738]
Event: 1.987 Thread 0x00000000132ce800 nmethod 904 0x00000000031fba90 code [0x00000000031fbbe0, 0x00000000031fbed8]
Event: 1.987 Thread 0x00000000132ce800  905       4       org.objectweb.asm.ByteVector::putInt (74 bytes)
Event: 1.988 Thread 0x00000000132ce800 nmethod 905 0x00000000031fc150 code [0x00000000031fc2a0, 0x00000000031fc448]

GC Heap History (4 events):
Event: 0.876 GC heap before
{Heap before GC invocations=1 (full 0):
 PSYoungGen      total 18944K, used 16384K [0x00000000feb00000, 0x0000000100000000, 0x0000000100000000)
  eden space 16384K, 100% used [0x00000000feb00000,0x00000000ffb00000,0x00000000ffb00000)
  from space 2560K, 0% used [0x00000000ffd80000,0x00000000ffd80000,0x0000000100000000)
  to   space 2560K, 0% used [0x00000000ffb00000,0x00000000ffb00000,0x00000000ffd80000)
 ParOldGen       total 44032K, used 0K [0x00000000fc000000, 0x00000000feb00000, 0x00000000feb00000)
  object space 44032K, 0% used [0x00000000fc000000,0x00000000fc000000,0x00000000feb00000)
 Metaspace       used 6780K, capacity 6938K, committed 7040K, reserved 1056768K
  class space    used 796K, capacity 871K, committed 896K, reserved 1048576K
Event: 0.880 GC heap after
Heap after GC invocations=1 (full 0):
 PSYoungGen      total 18944K, used 2552K [0x00000000feb00000, 0x0000000100000000, 0x0000000100000000)
  eden space 16384K, 0% used [0x00000000feb00000,0x00000000feb00000,0x00000000ffb00000)
  from space 2560K, 99% used [0x00000000ffb00000,0x00000000ffd7e020,0x00000000ffd80000)
  to   space 2560K, 0% used [0x00000000ffd80000,0x00000000ffd80000,0x0000000100000000)
 ParOldGen       total 44032K, used 1444K [0x00000000fc000000, 0x00000000feb00000, 0x00000000feb00000)
  object space 44032K, 3% used [0x00000000fc000000,0x00000000fc169300,0x00000000feb00000)
 Metaspace       used 6780K, capacity 6938K, committed 7040K, reserved 1056768K
  class space    used 796K, capacity 871K, committed 896K, reserved 1048576K
}
Event: 1.843 GC heap before
{Heap before GC invocations=2 (full 0):
 PSYoungGen      total 18944K, used 18936K [0x00000000feb00000, 0x0000000100000000, 0x0000000100000000)
  eden space 16384K, 100% used [0x00000000feb00000,0x00000000ffb00000,0x00000000ffb00000)
  from space 2560K, 99% used [0x00000000ffb00000,0x00000000ffd7e020,0x00000000ffd80000)
  to   space 2560K, 0% used [0x00000000ffd80000,0x00000000ffd80000,0x0000000100000000)
 ParOldGen       total 44032K, used 1444K [0x00000000fc000000, 0x00000000feb00000, 0x00000000feb00000)
  object space 44032K, 3% used [0x00000000fc000000,0x00000000fc169300,0x00000000feb00000)
 Metaspace       used 7509K, capacity 7766K, committed 7936K, reserved 1056768K
  class space    used 866K, capacity 976K, committed 1024K, reserved 1048576K
Event: 1.849 GC heap after
Heap after GC invocations=2 (full 0):
 PSYoungGen      total 18944K, used 2546K [0x00000000feb00000, 0x0000000100000000, 0x0000000100000000)
  eden space 16384K, 0% used [0x00000000feb00000,0x00000000feb00000,0x00000000ffb00000)
  from space 2560K, 99% used [0x00000000ffd80000,0x00000000ffffc840,0x0000000100000000)
  to   space 2560K, 0% used [0x00000000ffb00000,0x00000000ffb00000,0x00000000ffd80000)
 ParOldGen       total 44032K, used 5664K [0x00000000fc000000, 0x00000000feb00000, 0x00000000feb00000)
  object space 44032K, 12% used [0x00000000fc000000,0x00000000fc5881d8,0x00000000feb00000)
 Metaspace       used 7509K, capacity 7766K, committed 7936K, reserved 1056768K
  class space    used 866K, capacity 976K, committed 1024K, reserved 1048576K
}

Deoptimization events (7 events):
Event: 0.846 Thread 0x0000000002d83800 Uncommon trap: reason=unstable_if action=reinterpret pc=0x00000000030956b8 method=java.lang.String.startsWith(Ljava/lang/String;I)Z @ 25
Event: 0.867 Thread 0x0000000002d83800 Uncommon trap: reason=unstable_if action=reinterpret pc=0x00000000030b4a2c method=java.util.zip.ZipFile$ZipEntryIterator.hasNext()Z @ 25
Event: 0.867 Thread 0x0000000002d83800 Uncommon trap: reason=unstable_if action=reinterpret pc=0x00000000030b7ac8 method=java.util.zip.ZipCoder.decoder()Ljava/nio/charset/CharsetDecoder; @ 4
Event: 0.867 Thread 0x0000000002d83800 Uncommon trap: reason=unstable_if action=reinterpret pc=0x00000000030b6c98 method=java.util.zip.ZipEntry.setExtra0([BZ)V @ 1
Event: 1.614 Thread 0x0000000002d83800 Uncommon trap: reason=unloaded action=reinterpret pc=0x00000000030aa4bc method=java.util.zip.ZipEntry.setExtra0([BZ)V @ 37
Event: 1.747 Thread 0x0000000002d83800 Uncommon trap: reason=unstable_if action=reinterpret pc=0x00000000030ccad8 method=java.util.HashMap.putVal(ILjava/lang/Object;Ljava/lang/Object;ZZ)Ljava/lang/Object; @ 181
Event: 1.936 Thread 0x0000000002d83800 Uncommon trap: reason=unstable_if action=reinterpret pc=0x00000000031beb4c method=org.objectweb.asm.Type.getArgumentsAndReturnSizes(Ljava/lang/String;)I @ 136

Classes redefined (0 events):
No events

Internal exceptions (10 events):
Event: 1.929 Thread 0x0000000002d83800 Exception <a 'sun/nio/fs/WindowsException'> (0x00000000fecc9818) thrown at [D:\src\AOSP-openjdk-cygwin\jdk8u\hotspot\src\share\vm\prims\jni.cpp, line 709]
Event: 1.931 Thread 0x0000000002d83800 Exception <a 'sun/nio/fs/WindowsException'> (0x00000000fecd25b0) thrown at [D:\src\AOSP-openjdk-cygwin\jdk8u\hotspot\src\share\vm\prims\jni.cpp, line 709]
Event: 1.931 Thread 0x0000000002d83800 Exception <a 'sun/nio/fs/WindowsException'> (0x00000000fecd2bf0) thrown at [D:\src\AOSP-openjdk-cygwin\jdk8u\hotspot\src\share\vm\prims\jni.cpp, line 709]
Event: 1.931 Thread 0x0000000002d83800 Exception <a 'sun/nio/fs/WindowsException'> (0x00000000fecd32e0) thrown at [D:\src\AOSP-openjdk-cygwin\jdk8u\hotspot\src\share\vm\prims\jni.cpp, line 709]
Event: 1.931 Thread 0x0000000002d83800 Exception <a 'sun/nio/fs/WindowsException'> (0x00000000fecd3b10) thrown at [D:\src\AOSP-openjdk-cygwin\jdk8u\hotspot\src\share\vm\prims\jni.cpp, line 709]
Event: 1.932 Thread 0x0000000002d83800 Exception <a 'sun/nio/fs/WindowsException'> (0x00000000fecd41b0) thrown at [D:\src\AOSP-openjdk-cygwin\jdk8u\hotspot\src\share\vm\prims\jni.cpp, line 709]
Event: 1.932 Thread 0x0000000002d83800 Exception <a 'sun/nio/fs/WindowsException'> (0x00000000fecd49c0) thrown at [D:\src\AOSP-openjdk-cygwin\jdk8u\hotspot\src\share\vm\prims\jni.cpp, line 709]
Event: 1.938 Thread 0x0000000002d83800 Exception <a 'sun/nio/fs/WindowsException'> (0x00000000fece3670) thrown at [D:\src\AOSP-openjdk-cygwin\jdk8u\hotspot\src\share\vm\prims\jni.cpp, line 709]
Event: 1.940 Thread 0x0000000002d83800 Exception <a 'sun/nio/fs/WindowsException'> (0x00000000fecf36f0) thrown at [D:\src\AOSP-openjdk-cygwin\jdk8u\hotspot\src\share\vm\prims\jni.cpp, line 709]
Event: 1.942 Thread 0x0000000002d83800 Exception <a 'sun/nio/fs/WindowsException'> (0x00000000fecf9e50) thrown at [D:\src\AOSP-openjdk-cygwin\jdk8u\hotspot\src\share\vm\prims\jni.cpp, line 709]

Events (10 events):
Event: 1.899 loading class java/lang/invoke/MethodHandleImpl$ArrayAccessor$1 done
Event: 1.928 loading class java/nio/file/Files$2
Event: 1.928 loading class java/nio/file/Files$2 done
Event: 1.931 loading class com/google/devtools/build/android/desugar/LambdaClassMaker
Event: 1.931 loading class com/google/devtools/build/android/desugar/LambdaClassMaker done
Event: 1.936 Thread 0x0000000002d83800 Uncommon trap: trap_request=0xffffff65 fr.pc=0x00000000031beb4c
Event: 1.936 Thread 0x0000000002d83800 DEOPT PACKING pc=0x00000000031beb4c sp=0x0000000002a6ea30
Event: 1.936 Thread 0x0000000002d83800 DEOPT UNPACKING pc=0x0000000002ed557b sp=0x0000000002a6e9c0 mode 2
Event: 1.986 loading class java/lang/reflect/InvocationTargetException
Event: 1.986 loading class java/lang/reflect/InvocationTargetException done


Dynamic libraries:
0x00007ff609c30000 - 0x00007ff609c61000 	E:\Program Files\as\jre\bin\java.exe
0x00007ffc274d0000 - 0x00007ffc27679000 	C:\Windows\SYSTEM32\ntdll.dll
0x00007ffc268d0000 - 0x00007ffc26a09000 	C:\Windows\system32\KERNEL32.DLL
0x00007ffc24920000 - 0x00007ffc24a2e000 	C:\Windows\system32\KERNELBASE.dll
0x00007ffc24ff0000 - 0x00007ffc25095000 	C:\Windows\system32\ADVAPI32.dll
0x00007ffc271a0000 - 0x00007ffc27311000 	C:\Windows\system32\USER32.dll
0x00007ffc22c40000 - 0x00007ffc22e9a000 	C:\Windows\WinSxS\amd64_microsoft.windows.common-controls_6595b64144ccf1df_6.0.9600.16384_none_62475f7becb72503\COMCTL32.dll
0x00007ffc26d30000 - 0x00007ffc26dd7000 	C:\Windows\system32\msvcrt.dll
0x00007ffc26870000 - 0x00007ffc268c7000 	C:\Windows\SYSTEM32\sechost.dll
0x00007ffc27390000 - 0x00007ffc274c6000 	C:\Windows\system32\RPCRT4.dll
0x00007ffc25270000 - 0x00007ffc253b5000 	C:\Windows\system32\GDI32.dll
0x00007ffc25160000 - 0x00007ffc25194000 	C:\Windows\system32\IMM32.DLL
0x00007ffc26bf0000 - 0x00007ffc26d29000 	C:\Windows\system32\MSCTF.dll
0x00000000728d0000 - 0x00000000729a2000 	E:\Program Files\as\jre\jre\bin\msvcr100.dll
0x0000000072a90000 - 0x00000000732cf000 	E:\Program Files\as\jre\jre\bin\server\jvm.dll
0x00007ffc22270000 - 0x00007ffc22279000 	C:\Windows\SYSTEM32\WSOCK32.dll
0x00007ffc1d710000 - 0x00007ffc1d72f000 	C:\Windows\SYSTEM32\WINMM.dll
0x00007ffc1c3a0000 - 0x00007ffc1c3aa000 	C:\Windows\SYSTEM32\VERSION.dll
0x00007ffc253f0000 - 0x00007ffc253f7000 	C:\Windows\system32\PSAPI.DLL
0x00007ffc25400000 - 0x00007ffc25458000 	C:\Windows\system32\WS2_32.dll
0x00007ffc1d6e0000 - 0x00007ffc1d70a000 	C:\Windows\SYSTEM32\WINMMBASE.dll
0x00007ffc27380000 - 0x00007ffc27389000 	C:\Windows\system32\NSI.dll
0x00007ffc24a30000 - 0x00007ffc24a7a000 	C:\Windows\SYSTEM32\cfgmgr32.dll
0x00007ffc236e0000 - 0x00007ffc23706000 	C:\Windows\SYSTEM32\DEVOBJ.dll
0x00007ffc217d0000 - 0x00007ffc217df000 	E:\Program Files\as\jre\jre\bin\verify.dll
0x00007ffc1f910000 - 0x00007ffc1f939000 	E:\Program Files\as\jre\jre\bin\java.dll
0x00007ffc1fe10000 - 0x00007ffc1fe26000 	E:\Program Files\as\jre\jre\bin\zip.dll
0x00007ffc25460000 - 0x00007ffc2686d000 	C:\Windows\system32\SHELL32.dll
0x00007ffc26a10000 - 0x00007ffc26be7000 	C:\Windows\SYSTEM32\combase.dll
0x00007ffc27320000 - 0x00007ffc27371000 	C:\Windows\system32\SHLWAPI.dll
0x00007ffc22ea0000 - 0x00007ffc22f41000 	C:\Windows\SYSTEM32\SHCORE.dll
0x00007ffc24850000 - 0x00007ffc24864000 	C:\Windows\SYSTEM32\profapi.dll
0x00007ffc24110000 - 0x00007ffc2412e000 	C:\Windows\SYSTEM32\CRYPTSP.dll
0x00007ffc23d50000 - 0x00007ffc23d85000 	C:\Windows\system32\rsaenh.dll
0x00007ffc24340000 - 0x00007ffc24366000 	C:\Windows\SYSTEM32\bcrypt.dll
0x00007ffc23e60000 - 0x00007ffc23e7f000 	C:\Windows\SYSTEM32\USERENV.dll
0x00007ffc24660000 - 0x00007ffc246be000 	C:\Windows\system32\bcryptprimitives.dll
0x00007ffc246c0000 - 0x00007ffc246ca000 	C:\Windows\SYSTEM32\CRYPTBASE.dll
0x00007ffc1faf0000 - 0x00007ffc1fb0a000 	E:\Program Files\as\jre\jre\bin\net.dll
0x00007ffc240b0000 - 0x00007ffc24108000 	C:\Windows\system32\mswsock.dll
0x00007ffc20de0000 - 0x00007ffc20e09000 	C:\Windows\SYSTEM32\IPHLPAPI.DLL
0x00007ffc20e10000 - 0x00007ffc20e1a000 	C:\Windows\SYSTEM32\WINNSI.DLL
0x00007ffc20cf0000 - 0x00007ffc20d04000 	C:\Windows\SYSTEM32\dhcpcsvc6.DLL
0x00007ffc20cd0000 - 0x00007ffc20ce9000 	C:\Windows\SYSTEM32\dhcpcsvc.DLL
0x00007ffc1fa90000 - 0x00007ffc1faa1000 	E:\Program Files\as\jre\jre\bin\nio.dll

VM Arguments:
jvm_args: -Djava.awt.headless=true -Xmx64M -Dfile.encoding=GBK -Duser.country=CN -Duser.language=zh -Duser.variant 
java_command: com.google.devtools.build.android.desugar.Desugar --input F:\lxl\android\SmartLight\app\build\intermediates\tmp\desugar_changed4934713653885413230 --output F:\lxl\android\SmartLight\app\build\intermediates\transforms\desugar\debug\2 --classpath_entry F:\lxl\android\SmartLight\zxinglib\build\intermediates\intermediate-jars\debug\classes.jar --classpath_entry F:\lxl\android\SmartLight\BluetoothLightLib\build\intermediates\intermediate-jars\debug\classes.jar --classpath_entry F:\lxl\android\SmartLight\app\build\intermediates\classes\debug --classpath_entry F:\lxl\android\SmartLight\app\build\intermediates\transforms\stackFramesFixer\debug\24.jar --classpath_entry F:\lxl\android\SmartLight\app\build\intermediates\transforms\stackFramesFixer\debug\9.jar --classpath_entry F:\lxl\android\SmartLight\app\build\intermediates\transforms\stackFramesFixer\debug\4.jar --classpath_entry F:\lxl\android\SmartLight\app\build\intermediates\transforms\stackFramesFixer\debug\37.jar --classpath_entry F:\lxl\android\SmartLight\app\build\intermediates\transforms\stackFramesFixer\debug\15.jar --classpath_entry F:\lxl\android\SmartLight\app\build\intermediates\transforms\stackFramesFixer\debug\29.jar --classpath_entry F:\lxl\android\SmartLight\app\build\intermediates\transforms\stackFramesFixer\debug\40.jar --classpath_entry F:\lxl\android\SmartLight\app\build\intermediates\transforms\stackFramesFixer\debug\11.jar --classpath_entry F:\lxl\android\SmartLight\app\build\intermediates\transforms\stackFramesFixer\debug\46.jar --classpath_entry F:\lxl\android\SmartLight\app\build\intermediates\transforms\stackFramesFixer\debug\16.jar --classpath_entry F:\lxl\android\SmartLight\app\build\intermediates\transforms\stackFramesFixer\debug\28.jar --classpath_entry F:\lxl\android\SmartLight\app\build\intermediates\transforms\stackFramesFixer\debug\20.jar --classpath_entry F:\lxl\android\SmartLight\app\build\intermediates\transforms\stackFramesFixer\debug\33.jar --classpath_entry F:\lxl\an
java_class_path (initial): C:\Users\Administrator\AppData\Local\Temp\desugar_deploy.jar6038859604506697786
Launcher Type: SUN_STANDARD

Environment Variables:
JAVA_HOME=F:\javaToos
PATH=C:\Windows\system32;C:\Windows;C:\Windows\System32\Wbem;C:\Windows\System32\WindowsPowerShell\v1.0\F:\javaToos\bin;F:\SVN\bin;F:\Bandroidstudio\SDK\platform-tools;C:\Program Files\Git\cmd
USERNAME=Administrator
OS=Windows_NT
PROCESSOR_IDENTIFIER=Intel64 Family 6 Model 60 Stepping 3, GenuineIntel



---------------  S Y S T E M  ---------------

OS: Windows 8.1 , 64 bit Build 9600 (6.3.9600.16656)

CPU:total 4 (initial active 4) (4 cores per cpu, 1 threads per core) family 6 model 60 stepping 3, cmov, cx8, fxsr, mmx, sse, sse2, sse3, ssse3, sse4.1, sse4.2, popcnt, avx, avx2, aes, clmul, erms, lzcnt, tsc, tscinvbit, bmi1, bmi2

Memory: 4k page, physical 8256784k(1203360k free), swap 8256784k(5132k free)

vm_info: OpenJDK 64-Bit Server VM (25.152-b02) for windows-amd64 JRE (1.8.0_152-release-1024-b02), built by "builder" with MS VC++ 10.0 (VS2010)

time: Tue Aug 07 16:46:08 2018
elapsed time: 2 seconds (0d 0h 0m 2s)

